<?xml version="1.0" encoding="UTF-8"?>
<coverage generated="1490533314292" clover="3.2.0">
  <project timestamp="1490533314292" name="All files">
    <metrics statements="24" coveredstatements="12" conditionals="0" coveredconditionals="0" methods="13" coveredmethods="4" elements="37" coveredelements="16" complexity="0" loc="24" ncloc="24" packages="1" files="2" classes="2">
      <file name="index.android.js" path="/Users/jameshamann/Documents/Dev_Work/searcher-reactnative/index.android.js">
        <metrics statements="18" coveredstatements="7" conditionals="0" coveredconditionals="0" methods="9" coveredmethods="2"/>
        <line num="20" count="2" type="stmt"/>
        <line num="21" count="2" type="stmt"/>
        <line num="23" count="2" type="stmt"/>
        <line num="24" count="2" type="stmt"/>
        <line num="28" count="0" type="stmt"/>
        <line num="32" count="0" type="stmt"/>
        <line num="34" count="0" type="stmt"/>
        <line num="35" count="0" type="stmt"/>
        <line num="36" count="0" type="stmt"/>
        <line num="38" count="0" type="stmt"/>
        <line num="40" count="0" type="stmt"/>
        <line num="41" count="0" type="stmt"/>
        <line num="55" count="0" type="stmt"/>
        <line num="59" count="2" type="stmt"/>
        <line num="73" count="0" type="stmt"/>
        <line num="74" count="0" type="stmt"/>
        <line num="97" count="1" type="stmt"/>
        <line num="122" count="1" type="stmt"/>
      </file>
      <file name="index.ios.js" path="/Users/jameshamann/Documents/Dev_Work/searcher-reactnative/index.ios.js">
        <metrics statements="6" coveredstatements="5" conditionals="0" coveredconditionals="0" methods="4" coveredmethods="2"/>
        <line num="18" count="1" type="stmt"/>
        <line num="19" count="1" type="stmt"/>
        <line num="22" count="1" type="stmt"/>
        <line num="29" count="0" type="stmt"/>
        <line num="40" count="1" type="stmt"/>
        <line num="59" count="1" type="stmt"/>
      </file>
    </metrics>
  </project>
</coverage>
