{"/Users/jameshamann/Documents/Dev_Work/searcher-reactnative/index.android.js": {"path":"/Users/jameshamann/Documents/Dev_Work/searcher-reactnative/index.android.js","statementMap":{"0":{"start":{"line":20,"column":3},"end":{"line":20,"column":16}},"1":{"start":{"line":21,"column":3},"end":{"line":21,"column":29}},"2":{"start":{"line":23,"column":3},"end":{"line":23,"column":52}},"3":{"start":{"line":24,"column":3},"end":{"line":24,"column":52}},"4":{"start":{"line":28,"column":4},"end":{"line":28,"column":47}},"5":{"start":{"line":32,"column":4},"end":{"line":32,"column":21}},"6":{"start":{"line":34,"column":15},"end":{"line":34,"column":19}},"7":{"start":{"line":35,"column":4},"end":{"line":35,"column":22}},"8":{"start":{"line":36,"column":4},"end":{"line":54,"column":13}},"9":{"start":{"line":38,"column":12},"end":{"line":38,"column":30}},"10":{"start":{"line":40,"column":14},"end":{"line":40,"column":31}},"11":{"start":{"line":41,"column":14},"end":{"line":51,"column":17}},"12":{"start":{"line":55,"column":4},"end":{"line":55,"column":27}},"13":{"start":{"line":59,"column":4},"end":{"line":93,"column":6}},"14":{"start":{"line":73,"column":37},"end":{"line":73,"column":58}},"15":{"start":{"line":74,"column":41},"end":{"line":74,"column":65}},"16":{"start":{"line":97,"column":15},"end":{"line":120,"column":2}},"17":{"start":{"line":122,"column":0},"end":{"line":122,"column":58}},"18":{"start":{"line":122,"column":48},"end":{"line":122,"column":56}}},"fnMap":{"0":{"name":"(anonymous_0)","decl":{"start":{"line":19,"column":2},"end":{"line":19,"column":3}},"loc":{"start":{"line":19,"column":21},"end":{"line":25,"column":2}}},"1":{"name":"(anonymous_1)","decl":{"start":{"line":27,"column":1},"end":{"line":27,"column":2}},"loc":{"start":{"line":27,"column":21},"end":{"line":29,"column":3}}},"2":{"name":"(anonymous_2)","decl":{"start":{"line":31,"column":2},"end":{"line":31,"column":3}},"loc":{"start":{"line":31,"column":22},"end":{"line":56,"column":3}}},"3":{"name":"(anonymous_3)","decl":{"start":{"line":37,"column":14},"end":{"line":37,"column":15}},"loc":{"start":{"line":37,"column":28},"end":{"line":39,"column":9}}},"4":{"name":"(anonymous_4)","decl":{"start":{"line":39,"column":16},"end":{"line":39,"column":17}},"loc":{"start":{"line":39,"column":31},"end":{"line":54,"column":11}}},"5":{"name":"(anonymous_5)","decl":{"start":{"line":58,"column":2},"end":{"line":58,"column":3}},"loc":{"start":{"line":58,"column":11},"end":{"line":94,"column":3}}},"6":{"name":"(anonymous_6)","decl":{"start":{"line":73,"column":27},"end":{"line":73,"column":28}},"loc":{"start":{"line":73,"column":37},"end":{"line":73,"column":58}}},"7":{"name":"(anonymous_7)","decl":{"start":{"line":74,"column":30},"end":{"line":74,"column":31}},"loc":{"start":{"line":74,"column":41},"end":{"line":74,"column":65}}},"8":{"name":"(anonymous_8)","decl":{"start":{"line":122,"column":42},"end":{"line":122,"column":43}},"loc":{"start":{"line":122,"column":48},"end":{"line":122,"column":56}}}},"branchMap":{},"s":{"0":2,"1":2,"2":2,"3":2,"4":0,"5":0,"6":0,"7":0,"8":0,"9":0,"10":0,"11":0,"12":0,"13":2,"14":0,"15":0,"16":1,"17":1,"18":0},"f":{"0":2,"1":0,"2":0,"3":0,"4":0,"5":2,"6":0,"7":0,"8":0},"b":{},"_coverageSchema":"332fd63041d2c1bcb487cc26dd0d5f7d97098a6c","hash":"9ad1a470e6e4ed89b36e0cb8b73eda6a3a930492"}
,"/Users/jameshamann/Documents/Dev_Work/searcher-reactnative/index.ios.js": {"path":"/Users/jameshamann/Documents/Dev_Work/searcher-reactnative/index.ios.js","statementMap":{"0":{"start":{"line":18,"column":4},"end":{"line":18,"column":17}},"1":{"start":{"line":19,"column":4},"end":{"line":19,"column":54}},"2":{"start":{"line":22,"column":4},"end":{"line":36,"column":6}},"3":{"start":{"line":29,"column":34},"end":{"line":29,"column":55}},"4":{"start":{"line":40,"column":15},"end":{"line":57,"column":2}},"5":{"start":{"line":59,"column":0},"end":{"line":59,"column":58}},"6":{"start":{"line":59,"column":48},"end":{"line":59,"column":56}}},"fnMap":{"0":{"name":"(anonymous_0)","decl":{"start":{"line":17,"column":2},"end":{"line":17,"column":3}},"loc":{"start":{"line":17,"column":21},"end":{"line":20,"column":3}}},"1":{"name":"(anonymous_1)","decl":{"start":{"line":21,"column":2},"end":{"line":21,"column":3}},"loc":{"start":{"line":21,"column":11},"end":{"line":37,"column":3}}},"2":{"name":"(anonymous_2)","decl":{"start":{"line":29,"column":24},"end":{"line":29,"column":25}},"loc":{"start":{"line":29,"column":34},"end":{"line":29,"column":55}}},"3":{"name":"(anonymous_3)","decl":{"start":{"line":59,"column":42},"end":{"line":59,"column":43}},"loc":{"start":{"line":59,"column":48},"end":{"line":59,"column":56}}}},"branchMap":{},"s":{"0":1,"1":1,"2":1,"3":0,"4":1,"5":1,"6":0},"f":{"0":1,"1":1,"2":0,"3":0},"b":{},"_coverageSchema":"332fd63041d2c1bcb487cc26dd0d5f7d97098a6c","hash":"30f39608a86cf38bf557567d6e8eb5d98c30fe91"}
}
