TN:
SF:/Users/jameshamann/Documents/Dev_Work/searcher-reactnative/index.android.js
FN:19,(anonymous_0)
FN:27,(anonymous_1)
FN:31,(anonymous_2)
FN:37,(anonymous_3)
FN:39,(anonymous_4)
FN:58,(anonymous_5)
FN:66,(anonymous_6)
FN:67,(anonymous_7)
FN:112,(anonymous_8)
FNF:9
FNH:2
FNDA:2,(anonymous_0)
FNDA:0,(anonymous_1)
FNDA:0,(anonymous_2)
FNDA:0,(anonymous_3)
FNDA:0,(anonymous_4)
FNDA:2,(anonymous_5)
FNDA:0,(anonymous_6)
FNDA:0,(anonymous_7)
FNDA:0,(anonymous_8)
DA:20,2
DA:21,2
DA:23,2
DA:24,2
DA:28,0
DA:32,0
DA:34,0
DA:35,0
DA:36,0
DA:38,0
DA:40,0
DA:41,0
DA:55,0
DA:59,2
DA:66,0
DA:67,0
DA:89,1
DA:112,1
LF:18
LH:7
BRF:0
BRH:0
end_of_record
TN:
SF:/Users/jameshamann/Documents/Dev_Work/searcher-reactnative/index.ios.js
FN:17,(anonymous_0)
FN:21,(anonymous_1)
FN:29,(anonymous_2)
FN:59,(anonymous_3)
FNF:4
FNH:2
FNDA:1,(anonymous_0)
FNDA:1,(anonymous_1)
FNDA:0,(anonymous_2)
FNDA:0,(anonymous_3)
DA:18,1
DA:19,1
DA:22,1
DA:29,0
DA:40,1
DA:59,1
LF:6
LH:5
BRF:0
BRH:0
end_of_record
